2018-09-05 17:24:45 [scrapy.utils.log] INFO: Scrapy 1.5.0 started (bot: tutorial)
2018-09-05 17:24:45 [scrapy.utils.log] INFO: Versions: lxml 4.2.3.0, libxml2 2.9.8, cssselect 1.0.3, parsel 1.5.0, w3lib 1.19.0, Twisted 18.4.0, Python 2.7.10 (default, Feb  7 2017, 00:08:15) - [GCC 4.2.1 Compatible Apple LLVM 8.0.0 (clang-800.0.34)], pyOpenSSL 18.0.0 (OpenSSL 1.1.0h  27 Mar 2018), cryptography 2.2.2, Platform Darwin-16.7.0-x86_64-i386-64bit
2018-09-05 17:24:45 [scrapy.crawler] INFO: Overridden settings: {'NEWSPIDER_MODULE': 'tutorial.spiders', 'ROBOTSTXT_OBEY': True, 'SPIDER_MODULES': ['tutorial.spiders'], 'LOG_FILE': 'logs/tutorial/stack/8428aaa3b0ed11e8987500909d9aa4ed.log', 'BOT_NAME': 'tutorial'}
2018-09-05 17:24:45 [scrapy.middleware] INFO: Enabled extensions:
['scrapy.extensions.memusage.MemoryUsage',
 'scrapy.extensions.logstats.LogStats',
 'scrapy.extensions.telnet.TelnetConsole',
 'scrapy.extensions.corestats.CoreStats']
2018-09-05 17:24:45 [scrapy.middleware] INFO: Enabled downloader middlewares:
['scrapy.downloadermiddlewares.robotstxt.RobotsTxtMiddleware',
 'scrapy.downloadermiddlewares.httpauth.HttpAuthMiddleware',
 'scrapy.downloadermiddlewares.downloadtimeout.DownloadTimeoutMiddleware',
 'scrapy.downloadermiddlewares.defaultheaders.DefaultHeadersMiddleware',
 'scrapy.downloadermiddlewares.useragent.UserAgentMiddleware',
 'scrapy.downloadermiddlewares.retry.RetryMiddleware',
 'scrapy.downloadermiddlewares.redirect.MetaRefreshMiddleware',
 'scrapy.downloadermiddlewares.httpcompression.HttpCompressionMiddleware',
 'scrapy.downloadermiddlewares.redirect.RedirectMiddleware',
 'scrapy.downloadermiddlewares.cookies.CookiesMiddleware',
 'scrapy.downloadermiddlewares.httpproxy.HttpProxyMiddleware',
 'scrapy.downloadermiddlewares.stats.DownloaderStats']
2018-09-05 17:24:45 [scrapy.middleware] INFO: Enabled spider middlewares:
['scrapy.spidermiddlewares.httperror.HttpErrorMiddleware',
 'scrapy.spidermiddlewares.offsite.OffsiteMiddleware',
 'scrapy.spidermiddlewares.referer.RefererMiddleware',
 'scrapy.spidermiddlewares.urllength.UrlLengthMiddleware',
 'scrapy.spidermiddlewares.depth.DepthMiddleware']
2018-09-05 17:24:45 [scrapy.middleware] INFO: Enabled item pipelines:
[]
2018-09-05 17:24:45 [scrapy.core.engine] INFO: Spider opened
2018-09-05 17:24:45 [scrapy.extensions.logstats] INFO: Crawled 0 pages (at 0 pages/min), scraped 0 items (at 0 items/min)
2018-09-05 17:24:45 [scrapy.extensions.telnet] DEBUG: Telnet console listening on 127.0.0.1:6023
2018-09-05 17:24:46 [scrapy.downloadermiddlewares.redirect] DEBUG: Redirecting (301) to <GET https://stackoverflow.com/robots.txt> from <GET http://stackoverflow.com/robots.txt>
2018-09-05 17:24:47 [scrapy.core.engine] DEBUG: Crawled (200) <GET https://stackoverflow.com/robots.txt> (referer: None)
2018-09-05 17:24:47 [scrapy.downloadermiddlewares.redirect] DEBUG: Redirecting (301) to <GET https://stackoverflow.com/questions?pagesize=50&sort=newest> from <GET http://stackoverflow.com/questions?pagesize=50&sort=newest>
2018-09-05 17:24:48 [scrapy.core.engine] DEBUG: Crawled (200) <GET https://stackoverflow.com/questions?pagesize=50&sort=newest> (referer: None)
2018-09-05 17:24:48 [scrapy.core.scraper] DEBUG: Scraped from <200 https://stackoverflow.com/questions?pagesize=50&sort=newest>
{'title': u'Angular 6 material select - reload mat-select data upon another mat-select value',
 'url': u'/questions/52181625/angular-6-material-select-reload-mat-select-data-upon-another-mat-select-value'}
2018-09-05 17:24:48 [scrapy.core.scraper] DEBUG: Scraped from <200 https://stackoverflow.com/questions?pagesize=50&sort=newest>
{'title': u'OrientDB data write from CSV files',
 'url': u'/questions/52181619/orientdb-data-write-from-csv-files'}
2018-09-05 17:24:48 [scrapy.core.scraper] DEBUG: Scraped from <200 https://stackoverflow.com/questions?pagesize=50&sort=newest>
{'title': u'error when importing google-cloud-bigquery python module',
 'url': u'/questions/52181613/error-when-importing-google-cloud-bigquery-python-module'}
2018-09-05 17:24:48 [scrapy.core.scraper] DEBUG: Scraped from <200 https://stackoverflow.com/questions?pagesize=50&sort=newest>
{'title': u'Extending an Object In An Eslint Config',
 'url': u'/questions/52181610/extending-an-object-in-an-eslint-config'}
2018-09-05 17:24:48 [scrapy.core.scraper] DEBUG: Scraped from <200 https://stackoverflow.com/questions?pagesize=50&sort=newest>
{'title': u'In Typescript, how to make sure a variable matches a union-type case without rewriting its definition?',
 'url': u'/questions/52181608/in-typescript-how-to-make-sure-a-variable-matches-a-union-type-case-without-rew'}
2018-09-05 17:24:48 [scrapy.core.scraper] DEBUG: Scraped from <200 https://stackoverflow.com/questions?pagesize=50&sort=newest>
{'title': u'Get Experiation Date of App Certificate from within App',
 'url': u'/questions/52181607/get-experiation-date-of-app-certificate-from-within-app'}
2018-09-05 17:24:48 [scrapy.core.scraper] DEBUG: Scraped from <200 https://stackoverflow.com/questions?pagesize=50&sort=newest>
{'title': u'If show Interstitial ad, onResume() and onPause() not called within Activity',
 'url': u'/questions/52181606/if-show-interstitial-ad-onresume-and-onpause-not-called-within-activity'}
2018-09-05 17:24:48 [scrapy.core.scraper] DEBUG: Scraped from <200 https://stackoverflow.com/questions?pagesize=50&sort=newest>
{'title': u'how to initialize own node value in snmp',
 'url': u'/questions/52181605/how-to-initialize-own-node-value-in-snmp'}
2018-09-05 17:24:48 [scrapy.core.scraper] DEBUG: Scraped from <200 https://stackoverflow.com/questions?pagesize=50&sort=newest>
{'title': u'Get last access date with forfiles',
 'url': u'/questions/52181604/get-last-access-date-with-forfiles'}
2018-09-05 17:24:48 [scrapy.core.scraper] DEBUG: Scraped from <200 https://stackoverflow.com/questions?pagesize=50&sort=newest>
{'title': u'Django: View with conditional login_required',
 'url': u'/questions/52181603/django-view-with-conditional-login-required'}
2018-09-05 17:24:48 [scrapy.core.scraper] DEBUG: Scraped from <200 https://stackoverflow.com/questions?pagesize=50&sort=newest>
{'title': u"'Trying to get property of non-object'",
 'url': u'/questions/52181602/trying-to-get-property-of-non-object'}
2018-09-05 17:24:48 [scrapy.core.scraper] DEBUG: Scraped from <200 https://stackoverflow.com/questions?pagesize=50&sort=newest>
{'title': u'MVC Core: Wrong link url without trailing slash',
 'url': u'/questions/52181601/mvc-core-wrong-link-url-without-trailing-slash'}
2018-09-05 17:24:48 [scrapy.core.scraper] DEBUG: Scraped from <200 https://stackoverflow.com/questions?pagesize=50&sort=newest>
{'title': u'how can i refuse \u201csava as\u201d in winword by api hook',
 'url': u'/questions/52181600/how-can-i-refuse-sava-as-in-winword-by-api-hook'}
2018-09-05 17:24:48 [scrapy.core.scraper] DEBUG: Scraped from <200 https://stackoverflow.com/questions?pagesize=50&sort=newest>
{'title': u'How to split div into 2 pages when print as pdf?',
 'url': u'/questions/52181599/how-to-split-div-into-2-pages-when-print-as-pdf'}
2018-09-05 17:24:48 [scrapy.core.scraper] DEBUG: Scraped from <200 https://stackoverflow.com/questions?pagesize=50&sort=newest>
{'title': u'PDO FETCH returns column name not values',
 'url': u'/questions/52181596/pdo-fetch-returns-column-name-not-values'}
2018-09-05 17:24:48 [scrapy.core.scraper] DEBUG: Scraped from <200 https://stackoverflow.com/questions?pagesize=50&sort=newest>
{'title': u'Graph like data tructure',
 'url': u'/questions/52181594/graph-like-data-tructure'}
2018-09-05 17:24:48 [scrapy.core.scraper] DEBUG: Scraped from <200 https://stackoverflow.com/questions?pagesize=50&sort=newest>
{'title': u'Text in a div who links and i want to hover the text also',
 'url': u'/questions/52181592/text-in-a-div-who-links-and-i-want-to-hover-the-text-also'}
2018-09-05 17:24:48 [scrapy.core.scraper] DEBUG: Scraped from <200 https://stackoverflow.com/questions?pagesize=50&sort=newest>
{'title': u'connect multiple data source using common sql query',
 'url': u'/questions/52181590/connect-multiple-data-source-using-common-sql-query'}
2018-09-05 17:24:48 [scrapy.core.scraper] DEBUG: Scraped from <200 https://stackoverflow.com/questions?pagesize=50&sort=newest>
{'title': u'show success message in jQuery modal',
 'url': u'/questions/52181589/show-success-message-in-jquery-modal'}
2018-09-05 17:24:48 [scrapy.core.scraper] DEBUG: Scraped from <200 https://stackoverflow.com/questions?pagesize=50&sort=newest>
{'title': u'Azure Stream Analytics filter IOT Hub input',
 'url': u'/questions/52181585/azure-stream-analytics-filter-iot-hub-input'}
2018-09-05 17:24:48 [scrapy.core.scraper] DEBUG: Scraped from <200 https://stackoverflow.com/questions?pagesize=50&sort=newest>
{'title': u'How to save Data During Routing in angular2',
 'url': u'/questions/52181582/how-to-save-data-during-routing-in-angular2'}
2018-09-05 17:24:48 [scrapy.core.scraper] DEBUG: Scraped from <200 https://stackoverflow.com/questions?pagesize=50&sort=newest>
{'title': u'How to package multiple c# project into one installer in visual studio 2017?',
 'url': u'/questions/52181581/how-to-package-multiple-c-sharp-project-into-one-installer-in-visual-studio-2017'}
2018-09-05 17:24:48 [scrapy.core.scraper] DEBUG: Scraped from <200 https://stackoverflow.com/questions?pagesize=50&sort=newest>
{'title': u'How to use the Google Analytics API v3 > analytics.management.uploads.uploadData methode in api explorer',
 'url': u'/questions/52181576/how-to-use-the-google-analytics-api-v3-analytics-management-uploads-uploaddata'}
2018-09-05 17:24:48 [scrapy.core.scraper] DEBUG: Scraped from <200 https://stackoverflow.com/questions?pagesize=50&sort=newest>
{'title': u'Android - Failed to resolve: cardview-v7',
 'url': u'/questions/52181574/android-failed-to-resolve-cardview-v7'}
2018-09-05 17:24:48 [scrapy.core.scraper] DEBUG: Scraped from <200 https://stackoverflow.com/questions?pagesize=50&sort=newest>
{'title': u'update firebase data using curl with out erasing my data already stored',
 'url': u'/questions/52181573/update-firebase-data-using-curl-with-out-erasing-my-data-already-stored'}
2018-09-05 17:24:48 [scrapy.core.scraper] DEBUG: Scraped from <200 https://stackoverflow.com/questions?pagesize=50&sort=newest>
{'title': u'Insert new Row when a cell has a value within cells range',
 'url': u'/questions/52181572/insert-new-row-when-a-cell-has-a-value-within-cells-range'}
2018-09-05 17:24:48 [scrapy.core.scraper] DEBUG: Scraped from <200 https://stackoverflow.com/questions?pagesize=50&sort=newest>
{'title': u'Change environment variables in runtime .NET Core',
 'url': u'/questions/52181570/change-environment-variables-in-runtime-net-core'}
2018-09-05 17:24:48 [scrapy.core.scraper] DEBUG: Scraped from <200 https://stackoverflow.com/questions?pagesize=50&sort=newest>
{'title': u'LDAP Configuration and DN credentials',
 'url': u'/questions/52181568/ldap-configuration-and-dn-credentials'}
2018-09-05 17:24:48 [scrapy.core.scraper] DEBUG: Scraped from <200 https://stackoverflow.com/questions?pagesize=50&sort=newest>
{'title': u'How to generate YAML from JSON with individual tags for each List element',
 'url': u'/questions/52181566/how-to-generate-yaml-from-json-with-individual-tags-for-each-list-element'}
2018-09-05 17:24:48 [scrapy.core.scraper] DEBUG: Scraped from <200 https://stackoverflow.com/questions?pagesize=50&sort=newest>
{'title': u'Create active page pointer using php',
 'url': u'/questions/52181560/create-active-page-pointer-using-php'}
2018-09-05 17:24:48 [scrapy.core.scraper] DEBUG: Scraped from <200 https://stackoverflow.com/questions?pagesize=50&sort=newest>
{'title': u'Flexbox, align items to top in second row if items in first row are longer',
 'url': u'/questions/52181558/flexbox-align-items-to-top-in-second-row-if-items-in-first-row-are-longer'}
2018-09-05 17:24:48 [scrapy.core.scraper] DEBUG: Scraped from <200 https://stackoverflow.com/questions?pagesize=50&sort=newest>
{'title': u'Where is the tor.Unix executable file in mac?',
 'url': u'/questions/52181557/where-is-the-tor-unix-executable-file-in-mac'}
2018-09-05 17:24:48 [scrapy.core.scraper] DEBUG: Scraped from <200 https://stackoverflow.com/questions?pagesize=50&sort=newest>
{'title': u'Execute R inside U-SQL',
 'url': u'/questions/52181554/execute-r-inside-u-sql'}
2018-09-05 17:24:48 [scrapy.core.scraper] DEBUG: Scraped from <200 https://stackoverflow.com/questions?pagesize=50&sort=newest>
{'title': u'Scroll parent window when iframe hovered',
 'url': u'/questions/52181553/scroll-parent-window-when-iframe-hovered'}
2018-09-05 17:24:48 [scrapy.core.scraper] DEBUG: Scraped from <200 https://stackoverflow.com/questions?pagesize=50&sort=newest>
{'title': u'Spring WebFlux: HttpWebHandlerAdapter - An established connection was aborted',
 'url': u'/questions/52181552/spring-webflux-httpwebhandleradapter-an-established-connection-was-aborted'}
2018-09-05 17:24:48 [scrapy.core.scraper] DEBUG: Scraped from <200 https://stackoverflow.com/questions?pagesize=50&sort=newest>
{'title': u'render props vs passing functional component, which one is perfered?',
 'url': u'/questions/52181551/render-props-vs-passing-functional-component-which-one-is-perfered'}
2018-09-05 17:24:48 [scrapy.core.scraper] DEBUG: Scraped from <200 https://stackoverflow.com/questions?pagesize=50&sort=newest>
{'title': u'How to do a db dump on AWS?',
 'url': u'/questions/52181550/how-to-do-a-db-dump-on-aws'}
2018-09-05 17:24:48 [scrapy.core.scraper] DEBUG: Scraped from <200 https://stackoverflow.com/questions?pagesize=50&sort=newest>
{'title': u'Function inside the card view Android',
 'url': u'/questions/52181548/function-inside-the-card-view-android'}
2018-09-05 17:24:48 [scrapy.core.scraper] DEBUG: Scraped from <200 https://stackoverflow.com/questions?pagesize=50&sort=newest>
{'title': u'Merge duplicate rows and set values',
 'url': u'/questions/52181546/merge-duplicate-rows-and-set-values'}
2018-09-05 17:24:48 [scrapy.core.scraper] DEBUG: Scraped from <200 https://stackoverflow.com/questions?pagesize=50&sort=newest>
{'title': u'Package contains an entry which is unsafe for extraction',
 'url': u'/questions/52181542/package-contains-an-entry-which-is-unsafe-for-extraction'}
2018-09-05 17:24:48 [scrapy.core.scraper] DEBUG: Scraped from <200 https://stackoverflow.com/questions?pagesize=50&sort=newest>
{'title': u'Assignment value in a session array in PHP 7.0 error',
 'url': u'/questions/52181540/assignment-value-in-a-session-array-in-php-7-0-error'}
2018-09-05 17:24:48 [scrapy.core.scraper] DEBUG: Scraped from <200 https://stackoverflow.com/questions?pagesize=50&sort=newest>
{'title': u"Microsoft.Scripting.SyntaxErrorException: \u201cunexpected token ','\u201d how to fix?",
 'url': u'/questions/52181539/microsoft-scripting-syntaxerrorexception-unexpected-token-how-to-fix'}
2018-09-05 17:24:48 [scrapy.core.scraper] DEBUG: Scraped from <200 https://stackoverflow.com/questions?pagesize=50&sort=newest>
{'title': u'Responsive image maps with custom popups',
 'url': u'/questions/52181538/responsive-image-maps-with-custom-popups'}
2018-09-05 17:24:48 [scrapy.core.scraper] DEBUG: Scraped from <200 https://stackoverflow.com/questions?pagesize=50&sort=newest>
{'title': u'How to convert a piece of java code to smali?',
 'url': u'/questions/52181537/how-to-convert-a-piece-of-java-code-to-smali'}
2018-09-05 17:24:48 [scrapy.core.scraper] DEBUG: Scraped from <200 https://stackoverflow.com/questions?pagesize=50&sort=newest>
{'title': u'Receiving multiple iOS VOIP notifications on PushKit',
 'url': u'/questions/52181536/receiving-multiple-ios-voip-notifications-on-pushkit'}
2018-09-05 17:24:48 [scrapy.core.scraper] DEBUG: Scraped from <200 https://stackoverflow.com/questions?pagesize=50&sort=newest>
{'title': u'Antiforgery and cache-control header ASP.NET core',
 'url': u'/questions/52181535/antiforgery-and-cache-control-header-asp-net-core'}
2018-09-05 17:24:48 [scrapy.core.scraper] DEBUG: Scraped from <200 https://stackoverflow.com/questions?pagesize=50&sort=newest>
{'title': u'kubernetes not applying new service update from docker',
 'url': u'/questions/52181534/kubernetes-not-applying-new-service-update-from-docker'}
2018-09-05 17:24:48 [scrapy.core.scraper] DEBUG: Scraped from <200 https://stackoverflow.com/questions?pagesize=50&sort=newest>
{'title': u'Polymer 3 - Is there a way to extract the html template into a separate html file?',
 'url': u'/questions/52181532/polymer-3-is-there-a-way-to-extract-the-html-template-into-a-separate-html-fil'}
2018-09-05 17:24:48 [scrapy.core.scraper] DEBUG: Scraped from <200 https://stackoverflow.com/questions?pagesize=50&sort=newest>
{'title': u'How to resize table column in angular 5',
 'url': u'/questions/52181531/how-to-resize-table-column-in-angular-5'}
2018-09-05 17:24:48 [scrapy.core.scraper] DEBUG: Scraped from <200 https://stackoverflow.com/questions?pagesize=50&sort=newest>
{'title': u'CSS detect when device is mobile and in landscape orientation',
 'url': u'/questions/52181530/css-detect-when-device-is-mobile-and-in-landscape-orientation'}
2018-09-05 17:24:48 [scrapy.core.engine] INFO: Closing spider (finished)
2018-09-05 17:24:48 [scrapy.statscollectors] INFO: Dumping Scrapy stats:
{'downloader/request_bytes': 1103,
 'downloader/request_count': 4,
 'downloader/request_method_count/GET': 4,
 'downloader/response_bytes': 50101,
 'downloader/response_count': 4,
 'downloader/response_status_count/200': 2,
 'downloader/response_status_count/301': 2,
 'finish_reason': 'finished',
 'finish_time': datetime.datetime(2018, 9, 5, 9, 24, 48, 874941),
 'item_scraped_count': 50,
 'log_count/DEBUG': 55,
 'log_count/INFO': 7,
 'memusage/max': 49344512,
 'memusage/startup': 49336320,
 'response_received_count': 2,
 'scheduler/dequeued': 2,
 'scheduler/dequeued/memory': 2,
 'scheduler/enqueued': 2,
 'scheduler/enqueued/memory': 2,
 'start_time': datetime.datetime(2018, 9, 5, 9, 24, 45, 741785)}
2018-09-05 17:24:48 [scrapy.core.engine] INFO: Spider closed (finished)
