2018-09-05 17:23:20 [scrapy.utils.log] INFO: Scrapy 1.5.0 started (bot: tutorial)
2018-09-05 17:23:20 [scrapy.utils.log] INFO: Versions: lxml 4.2.3.0, libxml2 2.9.8, cssselect 1.0.3, parsel 1.5.0, w3lib 1.19.0, Twisted 18.4.0, Python 2.7.10 (default, Feb  7 2017, 00:08:15) - [GCC 4.2.1 Compatible Apple LLVM 8.0.0 (clang-800.0.34)], pyOpenSSL 18.0.0 (OpenSSL 1.1.0h  27 Mar 2018), cryptography 2.2.2, Platform Darwin-16.7.0-x86_64-i386-64bit
2018-09-05 17:23:20 [scrapy.crawler] INFO: Overridden settings: {'NEWSPIDER_MODULE': 'tutorial.spiders', 'ROBOTSTXT_OBEY': True, 'SPIDER_MODULES': ['tutorial.spiders'], 'LOG_FILE': 'logs/tutorial/quotes/528f7168b0ed11e8a77000909d9aa4ed.log', 'BOT_NAME': 'tutorial'}
2018-09-05 17:23:20 [scrapy.middleware] INFO: Enabled extensions:
['scrapy.extensions.memusage.MemoryUsage',
 'scrapy.extensions.logstats.LogStats',
 'scrapy.extensions.telnet.TelnetConsole',
 'scrapy.extensions.corestats.CoreStats']
2018-09-05 17:23:20 [scrapy.middleware] INFO: Enabled downloader middlewares:
['scrapy.downloadermiddlewares.robotstxt.RobotsTxtMiddleware',
 'scrapy.downloadermiddlewares.httpauth.HttpAuthMiddleware',
 'scrapy.downloadermiddlewares.downloadtimeout.DownloadTimeoutMiddleware',
 'scrapy.downloadermiddlewares.defaultheaders.DefaultHeadersMiddleware',
 'scrapy.downloadermiddlewares.useragent.UserAgentMiddleware',
 'scrapy.downloadermiddlewares.retry.RetryMiddleware',
 'scrapy.downloadermiddlewares.redirect.MetaRefreshMiddleware',
 'scrapy.downloadermiddlewares.httpcompression.HttpCompressionMiddleware',
 'scrapy.downloadermiddlewares.redirect.RedirectMiddleware',
 'scrapy.downloadermiddlewares.cookies.CookiesMiddleware',
 'scrapy.downloadermiddlewares.httpproxy.HttpProxyMiddleware',
 'scrapy.downloadermiddlewares.stats.DownloaderStats']
2018-09-05 17:23:20 [scrapy.middleware] INFO: Enabled spider middlewares:
['scrapy.spidermiddlewares.httperror.HttpErrorMiddleware',
 'scrapy.spidermiddlewares.offsite.OffsiteMiddleware',
 'scrapy.spidermiddlewares.referer.RefererMiddleware',
 'scrapy.spidermiddlewares.urllength.UrlLengthMiddleware',
 'scrapy.spidermiddlewares.depth.DepthMiddleware']
2018-09-05 17:23:20 [scrapy.middleware] INFO: Enabled item pipelines:
[]
2018-09-05 17:23:20 [scrapy.core.engine] INFO: Spider opened
2018-09-05 17:23:20 [scrapy.extensions.logstats] INFO: Crawled 0 pages (at 0 pages/min), scraped 0 items (at 0 items/min)
2018-09-05 17:23:20 [scrapy.extensions.telnet] DEBUG: Telnet console listening on 127.0.0.1:6023
2018-09-05 17:23:23 [scrapy.core.engine] DEBUG: Crawled (404) <GET http://quotes.toscrape.com/robots.txt> (referer: None)
2018-09-05 17:23:27 [scrapy.core.engine] DEBUG: Crawled (200) <GET http://quotes.toscrape.com/page/1/> (referer: None)
2018-09-05 17:23:27 [scrapy.core.scraper] DEBUG: Scraped from <200 http://quotes.toscrape.com/page/1/>
{'text': u'\u201cThe world as we have created it is a process of our thinking. It cannot be changed without changing our thinking.\u201d', 'tags': [u'change', u'deep-thoughts', u'thinking', u'world'], 'author': u'Albert Einstein'}
2018-09-05 17:23:27 [scrapy.core.scraper] DEBUG: Scraped from <200 http://quotes.toscrape.com/page/1/>
{'text': u'\u201cIt is our choices, Harry, that show what we truly are, far more than our abilities.\u201d', 'tags': [u'abilities', u'choices'], 'author': u'J.K. Rowling'}
2018-09-05 17:23:27 [scrapy.core.scraper] DEBUG: Scraped from <200 http://quotes.toscrape.com/page/1/>
{'text': u'\u201cThere are only two ways to live your life. One is as though nothing is a miracle. The other is as though everything is a miracle.\u201d', 'tags': [u'inspirational', u'life', u'live', u'miracle', u'miracles'], 'author': u'Albert Einstein'}
2018-09-05 17:23:27 [scrapy.core.scraper] DEBUG: Scraped from <200 http://quotes.toscrape.com/page/1/>
{'text': u'\u201cThe person, be it gentleman or lady, who has not pleasure in a good novel, must be intolerably stupid.\u201d', 'tags': [u'aliteracy', u'books', u'classic', u'humor'], 'author': u'Jane Austen'}
2018-09-05 17:23:27 [scrapy.core.scraper] DEBUG: Scraped from <200 http://quotes.toscrape.com/page/1/>
{'text': u"\u201cImperfection is beauty, madness is genius and it's better to be absolutely ridiculous than absolutely boring.\u201d", 'tags': [u'be-yourself', u'inspirational'], 'author': u'Marilyn Monroe'}
2018-09-05 17:23:27 [scrapy.core.scraper] DEBUG: Scraped from <200 http://quotes.toscrape.com/page/1/>
{'text': u'\u201cTry not to become a man of success. Rather become a man of value.\u201d', 'tags': [u'adulthood', u'success', u'value'], 'author': u'Albert Einstein'}
2018-09-05 17:23:27 [scrapy.core.scraper] DEBUG: Scraped from <200 http://quotes.toscrape.com/page/1/>
{'text': u'\u201cIt is better to be hated for what you are than to be loved for what you are not.\u201d', 'tags': [u'life', u'love'], 'author': u'Andr\xe9 Gide'}
2018-09-05 17:23:27 [scrapy.core.scraper] DEBUG: Scraped from <200 http://quotes.toscrape.com/page/1/>
{'text': u"\u201cI have not failed. I've just found 10,000 ways that won't work.\u201d", 'tags': [u'edison', u'failure', u'inspirational', u'paraphrased'], 'author': u'Thomas A. Edison'}
2018-09-05 17:23:27 [scrapy.core.scraper] DEBUG: Scraped from <200 http://quotes.toscrape.com/page/1/>
{'text': u"\u201cA woman is like a tea bag; you never know how strong it is until it's in hot water.\u201d", 'tags': [u'misattributed-eleanor-roosevelt'], 'author': u'Eleanor Roosevelt'}
2018-09-05 17:23:27 [scrapy.core.scraper] DEBUG: Scraped from <200 http://quotes.toscrape.com/page/1/>
{'text': u'\u201cA day without sunshine is like, you know, night.\u201d', 'tags': [u'humor', u'obvious', u'simile'], 'author': u'Steve Martin'}
2018-09-05 17:23:30 [scrapy.core.engine] DEBUG: Crawled (200) <GET http://quotes.toscrape.com/page/2/> (referer: None)
2018-09-05 17:23:30 [scrapy.core.scraper] DEBUG: Scraped from <200 http://quotes.toscrape.com/page/2/>
{'text': u"\u201cThis life is what you make it. No matter what, you're going to mess up sometimes, it's a universal truth. But the good part is you get to decide how you're going to mess it up. Girls will be your friends - they'll act like it anyway. But just remember, some come, some go. The ones that stay with you through everything - they're your true best friends. Don't let go of them. Also remember, sisters make the best friends in the world. As for lovers, well, they'll come and go too. And baby, I hate to say it, most of them - actually pretty much all of them are going to break your heart, but you can't give up because if you give up, you'll never find your soulmate. You'll never find that half who makes you whole and that goes for everything. Just because you fail once, doesn't mean you're gonna fail at everything. Keep trying, hold on, and always, always, always believe in yourself, because if you don't, then who will, sweetie? So keep your head high, keep your chin up, and most importantly, keep smiling, because life's a beautiful thing and there's so much to smile about.\u201d", 'tags': [u'friends', u'heartbreak', u'inspirational', u'life', u'love', u'sisters'], 'author': u'Marilyn Monroe'}
2018-09-05 17:23:30 [scrapy.core.scraper] DEBUG: Scraped from <200 http://quotes.toscrape.com/page/2/>
{'text': u'\u201cIt takes a great deal of bravery to stand up to our enemies, but just as much to stand up to our friends.\u201d', 'tags': [u'courage', u'friends'], 'author': u'J.K. Rowling'}
2018-09-05 17:23:30 [scrapy.core.scraper] DEBUG: Scraped from <200 http://quotes.toscrape.com/page/2/>
{'text': u"\u201cIf you can't explain it to a six year old, you don't understand it yourself.\u201d", 'tags': [u'simplicity', u'understand'], 'author': u'Albert Einstein'}
2018-09-05 17:23:30 [scrapy.core.scraper] DEBUG: Scraped from <200 http://quotes.toscrape.com/page/2/>
{'text': u"\u201cYou may not be her first, her last, or her only. She loved before she may love again. But if she loves you now, what else matters? She's not perfect\u2014you aren't either, and the two of you may never be perfect together but if she can make you laugh, cause you to think twice, and admit to being human and making mistakes, hold onto her and give her the most you can. She may not be thinking about you every second of the day, but she will give you a part of her that she knows you can break\u2014her heart. So don't hurt her, don't change her, don't analyze and don't expect more than she can give. Smile when she makes you happy, let her know when she makes you mad, and miss her when she's not there.\u201d", 'tags': [u'love'], 'author': u'Bob Marley'}
2018-09-05 17:23:30 [scrapy.core.scraper] DEBUG: Scraped from <200 http://quotes.toscrape.com/page/2/>
{'text': u'\u201cI like nonsense, it wakes up the brain cells. Fantasy is a necessary ingredient in living.\u201d', 'tags': [u'fantasy'], 'author': u'Dr. Seuss'}
2018-09-05 17:23:30 [scrapy.core.scraper] DEBUG: Scraped from <200 http://quotes.toscrape.com/page/2/>
{'text': u'\u201cI may not have gone where I intended to go, but I think I have ended up where I needed to be.\u201d', 'tags': [u'life', u'navigation'], 'author': u'Douglas Adams'}
2018-09-05 17:23:30 [scrapy.core.scraper] DEBUG: Scraped from <200 http://quotes.toscrape.com/page/2/>
{'text': u"\u201cThe opposite of love is not hate, it's indifference. The opposite of art is not ugliness, it's indifference. The opposite of faith is not heresy, it's indifference. And the opposite of life is not death, it's indifference.\u201d", 'tags': [u'activism', u'apathy', u'hate', u'indifference', u'inspirational', u'love', u'opposite', u'philosophy'], 'author': u'Elie Wiesel'}
2018-09-05 17:23:30 [scrapy.core.scraper] DEBUG: Scraped from <200 http://quotes.toscrape.com/page/2/>
{'text': u'\u201cIt is not a lack of love, but a lack of friendship that makes unhappy marriages.\u201d', 'tags': [u'friendship', u'lack-of-friendship', u'lack-of-love', u'love', u'marriage', u'unhappy-marriage'], 'author': u'Friedrich Nietzsche'}
2018-09-05 17:23:30 [scrapy.core.scraper] DEBUG: Scraped from <200 http://quotes.toscrape.com/page/2/>
{'text': u'\u201cGood friends, good books, and a sleepy conscience: this is the ideal life.\u201d', 'tags': [u'books', u'contentment', u'friends', u'friendship', u'life'], 'author': u'Mark Twain'}
2018-09-05 17:23:30 [scrapy.core.scraper] DEBUG: Scraped from <200 http://quotes.toscrape.com/page/2/>
{'text': u'\u201cLife is what happens to us while we are making other plans.\u201d', 'tags': [u'fate', u'life', u'misattributed-john-lennon', u'planning', u'plans'], 'author': u'Allen Saunders'}
2018-09-05 17:23:30 [scrapy.core.engine] INFO: Closing spider (finished)
2018-09-05 17:23:30 [scrapy.statscollectors] INFO: Dumping Scrapy stats:
{'downloader/request_bytes': 678,
 'downloader/request_count': 3,
 'downloader/request_method_count/GET': 3,
 'downloader/response_bytes': 5976,
 'downloader/response_count': 3,
 'downloader/response_status_count/200': 2,
 'downloader/response_status_count/404': 1,
 'finish_reason': 'finished',
 'finish_time': datetime.datetime(2018, 9, 5, 9, 23, 30, 848194),
 'item_scraped_count': 20,
 'log_count/DEBUG': 24,
 'log_count/INFO': 7,
 'memusage/max': 49377280,
 'memusage/startup': 49373184,
 'response_received_count': 3,
 'scheduler/dequeued': 2,
 'scheduler/dequeued/memory': 2,
 'scheduler/enqueued': 2,
 'scheduler/enqueued/memory': 2,
 'start_time': datetime.datetime(2018, 9, 5, 9, 23, 20, 569001)}
2018-09-05 17:23:30 [scrapy.core.engine] INFO: Spider closed (finished)
